2022-05-11 11:09:37,642 [Worker-4: Loading available Gradle versions] INFO  o.e.b.c.i.u.g.PublishedGradleVersions - Gradle version information cache is up-to-date. Trying to read.
2022-05-11 11:12:29,372 [Worker-6: Enabling Maven Dependency Management] INFO  o.e.m.c.i.l.LifecycleMappingFactory - Using org.maven.ide.eclipse.wtp.WarLifecycleMapping lifecycle mapping for MavenProject: com:UserMangementFrontEnd:0.0.1-SNAPSHOT @ C:\SLIIT\Y3S1\PAF\Assignement\FrontEnd\UserMangementFrontEnd\pom.xml.
2022-05-11 11:12:48,877 [Worker-12: Building] WARN  o.e.m.c.i.embedder.EclipseLogger - Using platform encoding (Cp1252 actually) to copy filtered resources, i.e. build is platform dependent!
2022-05-11 11:12:48,884 [Worker-12: Building] INFO  o.e.m.c.i.embedder.EclipseLogger - skip non existing resourceDirectory C:\SLIIT\Y3S1\PAF\Assignement\FrontEnd\UserMangementFrontEnd\src\main\resources
2022-05-11 11:12:48,893 [Worker-12: Building] WARN  o.e.m.c.i.embedder.EclipseLogger - Using platform encoding (Cp1252 actually) to copy filtered resources, i.e. build is platform dependent!
2022-05-11 11:12:48,895 [Worker-12: Building] INFO  o.e.m.c.i.embedder.EclipseLogger - skip non existing resourceDirectory C:\SLIIT\Y3S1\PAF\Assignement\FrontEnd\UserMangementFrontEnd\src\test\resources
2022-05-11 11:12:49,000 [Worker-6: Enabling Maven Dependency Management] INFO  o.e.m.j.i.AbstractJavaProjectConfigurator - Adding source folder /UserMangementFrontEnd/src/main/java
2022-05-11 11:12:49,002 [Worker-6: Enabling Maven Dependency Management] INFO  o.e.m.j.i.AbstractJavaProjectConfigurator - Adding source folder /UserMangementFrontEnd/src/test/java
2022-05-11 11:12:51,034 [Worker-10: Building] WARN  o.e.m.c.i.embedder.EclipseLogger - Using platform encoding (Cp1252 actually) to copy filtered resources, i.e. build is platform dependent!
2022-05-11 11:12:51,036 [Worker-10: Building] INFO  o.e.m.c.i.embedder.EclipseLogger - skip non existing resourceDirectory C:\SLIIT\Y3S1\PAF\Assignement\FrontEnd\UserMangementFrontEnd\src\main\resources
2022-05-11 11:12:51,040 [Worker-10: Building] WARN  o.e.m.c.i.embedder.EclipseLogger - Using platform encoding (Cp1252 actually) to copy filtered resources, i.e. build is platform dependent!
2022-05-11 11:12:51,042 [Worker-10: Building] INFO  o.e.m.c.i.embedder.EclipseLogger - skip non existing resourceDirectory C:\SLIIT\Y3S1\PAF\Assignement\FrontEnd\UserMangementFrontEnd\src\test\resources
2022-05-11 11:12:52,358 [Worker-13: Building] WARN  o.e.m.c.i.embedder.EclipseLogger - Using platform encoding (Cp1252 actually) to copy filtered resources, i.e. build is platform dependent!
2022-05-11 11:12:52,361 [Worker-13: Building] INFO  o.e.m.c.i.embedder.EclipseLogger - skip non existing resourceDirectory C:\SLIIT\Y3S1\PAF\Assignement\FrontEnd\UserMangementFrontEnd\src\main\resources
2022-05-11 11:12:52,371 [Worker-13: Building] WARN  o.e.m.c.i.embedder.EclipseLogger - Using platform encoding (Cp1252 actually) to copy filtered resources, i.e. build is platform dependent!
2022-05-11 11:12:52,379 [Worker-13: Building] INFO  o.e.m.c.i.embedder.EclipseLogger - skip non existing resourceDirectory C:\SLIIT\Y3S1\PAF\Assignement\FrontEnd\UserMangementFrontEnd\src\test\resources
2022-05-11 11:12:54,689 [Worker-6: Enabling Maven Dependency Management] INFO  o.e.m.c.i.p.ProjectConfigurationManager - Update started
2022-05-11 11:12:59,904 [Worker-6: Enabling Maven Dependency Management] INFO  o.e.m.c.i.l.LifecycleMappingFactory - Using org.maven.ide.eclipse.wtp.WarLifecycleMapping lifecycle mapping for MavenProject: com:UserMangementFrontEnd:0.0.1-SNAPSHOT @ C:\SLIIT\Y3S1\PAF\Assignement\FrontEnd\UserMangementFrontEnd\pom.xml.
2022-05-11 11:13:05,758 [Worker-13: Building] WARN  o.e.m.c.i.embedder.EclipseLogger - Using platform encoding (Cp1252 actually) to copy filtered resources, i.e. build is platform dependent!
2022-05-11 11:13:05,762 [Worker-13: Building] INFO  o.e.m.c.i.embedder.EclipseLogger - skip non existing resourceDirectory C:\SLIIT\Y3S1\PAF\Assignement\FrontEnd\UserMangementFrontEnd\src\main\resources
2022-05-11 11:13:05,778 [Worker-13: Building] WARN  o.e.m.c.i.embedder.EclipseLogger - Using platform encoding (Cp1252 actually) to copy filtered resources, i.e. build is platform dependent!
2022-05-11 11:13:05,782 [Worker-13: Building] INFO  o.e.m.c.i.embedder.EclipseLogger - skip non existing resourceDirectory C:\SLIIT\Y3S1\PAF\Assignement\FrontEnd\UserMangementFrontEnd\src\test\resources
2022-05-11 11:13:05,783 [Worker-13: Building] INFO  o.e.m.w.i.f.ResourceFilteringBuildParticipant - Changed resources require a complete clean of filtered resources of UserMangementFrontEnd
2022-05-11 11:13:05,784 [Worker-13: Building] INFO  o.e.m.w.i.f.ResourceFilteringBuildParticipant - Executing resource filtering for UserMangementFrontEnd
2022-05-11 11:13:05,795 [Worker-13: Building] WARN  o.e.m.c.i.embedder.EclipseLogger - The POM for org.apache.maven.plugins:maven-clean-plugin:jar:2.5 is missing, no dependency information available
2022-05-11 11:13:05,856 [Worker-13: Building] WARN  o.e.m.c.i.embedder.EclipseLogger - Using platform encoding (Cp1252 actually) to copy filtered resources, i.e. build is platform dependent!
2022-05-11 11:13:05,921 [Worker-6: Enabling Maven Dependency Management] INFO  o.e.m.j.i.AbstractJavaProjectConfigurator - Adding source folder /UserMangementFrontEnd/src/main/java
2022-05-11 11:13:05,922 [Worker-6: Enabling Maven Dependency Management] INFO  o.e.m.j.i.AbstractJavaProjectConfigurator - Adding source folder /UserMangementFrontEnd/src/test/java
2022-05-11 11:13:06,752 [Worker-6: Enabling Maven Dependency Management] INFO  o.e.m.w.i.f.ResourceFilteringBuildParticipant - Cleaning filtered folder for UserMangementFrontEnd
2022-05-11 11:13:06,936 [Worker-6: Enabling Maven Dependency Management] INFO  o.e.m.c.i.p.ProjectConfigurationManager - Update completed: 12 sec
2022-05-11 11:13:07,925 [Worker-13: Building] WARN  o.e.m.c.i.embedder.EclipseLogger - Using platform encoding (Cp1252 actually) to copy filtered resources, i.e. build is platform dependent!
2022-05-11 11:13:07,930 [Worker-13: Building] INFO  o.e.m.c.i.embedder.EclipseLogger - skip non existing resourceDirectory C:\SLIIT\Y3S1\PAF\Assignement\FrontEnd\UserMangementFrontEnd\src\main\resources
2022-05-11 11:13:07,935 [Worker-13: Building] WARN  o.e.m.c.i.embedder.EclipseLogger - Using platform encoding (Cp1252 actually) to copy filtered resources, i.e. build is platform dependent!
2022-05-11 11:13:07,939 [Worker-13: Building] INFO  o.e.m.c.i.embedder.EclipseLogger - skip non existing resourceDirectory C:\SLIIT\Y3S1\PAF\Assignement\FrontEnd\UserMangementFrontEnd\src\test\resources
2022-05-11 11:13:07,940 [Worker-13: Building] INFO  o.e.m.w.i.f.ResourceFilteringBuildParticipant - Changed resources require a complete clean of filtered resources of UserMangementFrontEnd
2022-05-11 11:13:07,940 [Worker-13: Building] INFO  o.e.m.w.i.f.ResourceFilteringBuildParticipant - Executing resource filtering for UserMangementFrontEnd
2022-05-11 11:13:08,119 [Worker-13: Building] WARN  o.e.m.c.i.embedder.EclipseLogger - Using platform encoding (Cp1252 actually) to copy filtered resources, i.e. build is platform dependent!
2022-05-11 11:16:34,197 [Worker-14: Building] INFO  o.e.m.c.i.l.LifecycleMappingFactory - Using org.maven.ide.eclipse.wtp.WarLifecycleMapping lifecycle mapping for MavenProject: Lab4:Lab4:0.0.1-SNAPSHOT @ C:\SLIIT\Y3S1\PAF\Assignement\FrontEnd\UserMangementFrontEnd\pom.xml.
2022-05-11 11:16:37,500 [Worker-14: Building] WARN  o.e.m.c.i.embedder.EclipseLogger - Using platform encoding (Cp1252 actually) to copy filtered resources, i.e. build is platform dependent!
2022-05-11 11:16:37,504 [Worker-14: Building] INFO  o.e.m.c.i.embedder.EclipseLogger - skip non existing resourceDirectory C:\SLIIT\Y3S1\PAF\Assignement\FrontEnd\UserMangementFrontEnd\src\main\resources
2022-05-11 11:16:37,509 [Worker-14: Building] WARN  o.e.m.c.i.embedder.EclipseLogger - Using platform encoding (Cp1252 actually) to copy filtered resources, i.e. build is platform dependent!
2022-05-11 11:16:37,511 [Worker-14: Building] INFO  o.e.m.c.i.embedder.EclipseLogger - skip non existing resourceDirectory C:\SLIIT\Y3S1\PAF\Assignement\FrontEnd\UserMangementFrontEnd\src\test\resources
2022-05-11 11:16:37,512 [Worker-14: Building] INFO  o.e.m.w.i.f.ResourceFilteringBuildParticipant - Changed resources require a complete clean of filtered resources of UserMangementFrontEnd
2022-05-11 11:16:37,512 [Worker-14: Building] INFO  o.e.m.w.i.f.ResourceFilteringBuildParticipant - Executing resource filtering for UserMangementFrontEnd
2022-05-11 11:16:37,522 [Worker-14: Building] WARN  o.e.m.c.i.embedder.EclipseLogger - Using platform encoding (Cp1252 actually) to copy filtered resources, i.e. build is platform dependent!
2022-05-11 11:18:15,993 [Worker-14: Building] WARN  o.e.m.c.i.embedder.EclipseLogger - Using platform encoding (Cp1252 actually) to copy filtered resources, i.e. build is platform dependent!
2022-05-11 11:18:15,996 [Worker-14: Building] INFO  o.e.m.c.i.embedder.EclipseLogger - skip non existing resourceDirectory C:\SLIIT\Y3S1\PAF\Assignement\FrontEnd\UserMangementFrontEnd\src\main\resources
2022-05-11 11:18:16,038 [Worker-14: Building] WARN  o.e.m.c.i.embedder.EclipseLogger - Using platform encoding (Cp1252 actually) to copy filtered resources, i.e. build is platform dependent!
2022-05-11 11:18:16,041 [Worker-14: Building] INFO  o.e.m.c.i.embedder.EclipseLogger - skip non existing resourceDirectory C:\SLIIT\Y3S1\PAF\Assignement\FrontEnd\UserMangementFrontEnd\src\test\resources
2022-05-11 11:19:20,914 [Worker-14: Building] WARN  o.e.m.c.i.embedder.EclipseLogger - Using platform encoding (Cp1252 actually) to copy filtered resources, i.e. build is platform dependent!
2022-05-11 11:19:20,917 [Worker-14: Building] INFO  o.e.m.c.i.embedder.EclipseLogger - skip non existing resourceDirectory C:\SLIIT\Y3S1\PAF\Assignement\FrontEnd\UserMangementFrontEnd\src\main\resources
2022-05-11 11:19:20,919 [Worker-14: Building] WARN  o.e.m.c.i.embedder.EclipseLogger - Using platform encoding (Cp1252 actually) to copy filtered resources, i.e. build is platform dependent!
2022-05-11 11:19:20,923 [Worker-14: Building] INFO  o.e.m.c.i.embedder.EclipseLogger - skip non existing resourceDirectory C:\SLIIT\Y3S1\PAF\Assignement\FrontEnd\UserMangementFrontEnd\src\test\resources
2022-05-11 11:36:00,675 [Worker-21: Building] WARN  o.e.m.c.i.embedder.EclipseLogger - Using platform encoding (Cp1252 actually) to copy filtered resources, i.e. build is platform dependent!
2022-05-11 11:36:00,760 [Worker-21: Building] INFO  o.e.m.c.i.embedder.EclipseLogger - skip non existing resourceDirectory C:\SLIIT\Y3S1\PAF\Assignement\FrontEnd\UserMangementFrontEnd\src\main\resources
2022-05-11 11:36:00,766 [Worker-21: Building] WARN  o.e.m.c.i.embedder.EclipseLogger - Using platform encoding (Cp1252 actually) to copy filtered resources, i.e. build is platform dependent!
2022-05-11 11:36:00,769 [Worker-21: Building] INFO  o.e.m.c.i.embedder.EclipseLogger - skip non existing resourceDirectory C:\SLIIT\Y3S1\PAF\Assignement\FrontEnd\UserMangementFrontEnd\src\test\resources
2022-05-11 11:37:05,571 [Worker-24: Building] WARN  o.e.m.c.i.embedder.EclipseLogger - Using platform encoding (Cp1252 actually) to copy filtered resources, i.e. build is platform dependent!
2022-05-11 11:37:05,575 [Worker-24: Building] INFO  o.e.m.c.i.embedder.EclipseLogger - skip non existing resourceDirectory C:\SLIIT\Y3S1\PAF\Assignement\FrontEnd\UserMangementFrontEnd\src\main\resources
2022-05-11 11:37:05,578 [Worker-24: Building] WARN  o.e.m.c.i.embedder.EclipseLogger - Using platform encoding (Cp1252 actually) to copy filtered resources, i.e. build is platform dependent!
2022-05-11 11:37:05,580 [Worker-24: Building] INFO  o.e.m.c.i.embedder.EclipseLogger - skip non existing resourceDirectory C:\SLIIT\Y3S1\PAF\Assignement\FrontEnd\UserMangementFrontEnd\src\test\resources
2022-05-11 11:37:36,639 [Worker-15: Building] WARN  o.e.m.c.i.embedder.EclipseLogger - Using platform encoding (Cp1252 actually) to copy filtered resources, i.e. build is platform dependent!
2022-05-11 11:37:36,642 [Worker-15: Building] INFO  o.e.m.c.i.embedder.EclipseLogger - skip non existing resourceDirectory C:\SLIIT\Y3S1\PAF\Assignement\FrontEnd\UserMangementFrontEnd\src\main\resources
2022-05-11 11:37:36,644 [Worker-15: Building] WARN  o.e.m.c.i.embedder.EclipseLogger - Using platform encoding (Cp1252 actually) to copy filtered resources, i.e. build is platform dependent!
2022-05-11 11:37:36,651 [Worker-15: Building] INFO  o.e.m.c.i.embedder.EclipseLogger - skip non existing resourceDirectory C:\SLIIT\Y3S1\PAF\Assignement\FrontEnd\UserMangementFrontEnd\src\test\resources
2022-05-11 11:37:50,144 [Worker-26: Building] WARN  o.e.m.c.i.embedder.EclipseLogger - Using platform encoding (Cp1252 actually) to copy filtered resources, i.e. build is platform dependent!
2022-05-11 11:37:50,146 [Worker-26: Building] INFO  o.e.m.c.i.embedder.EclipseLogger - skip non existing resourceDirectory C:\SLIIT\Y3S1\PAF\Assignement\FrontEnd\UserMangementFrontEnd\src\main\resources
2022-05-11 11:37:50,151 [Worker-26: Building] WARN  o.e.m.c.i.embedder.EclipseLogger - Using platform encoding (Cp1252 actually) to copy filtered resources, i.e. build is platform dependent!
2022-05-11 11:37:50,252 [Worker-26: Building] INFO  o.e.m.c.i.embedder.EclipseLogger - skip non existing resourceDirectory C:\SLIIT\Y3S1\PAF\Assignement\FrontEnd\UserMangementFrontEnd\src\test\resources
2022-05-11 11:38:30,405 [Worker-21: Building] WARN  o.e.m.c.i.embedder.EclipseLogger - Using platform encoding (Cp1252 actually) to copy filtered resources, i.e. build is platform dependent!
2022-05-11 11:38:30,412 [Worker-21: Building] INFO  o.e.m.c.i.embedder.EclipseLogger - skip non existing resourceDirectory C:\SLIIT\Y3S1\PAF\Assignement\FrontEnd\UserMangementFrontEnd\src\main\resources
2022-05-11 11:38:30,420 [Worker-21: Building] WARN  o.e.m.c.i.embedder.EclipseLogger - Using platform encoding (Cp1252 actually) to copy filtered resources, i.e. build is platform dependent!
2022-05-11 11:38:30,426 [Worker-21: Building] INFO  o.e.m.c.i.embedder.EclipseLogger - skip non existing resourceDirectory C:\SLIIT\Y3S1\PAF\Assignement\FrontEnd\UserMangementFrontEnd\src\test\resources
2022-05-11 11:38:42,491 [Worker-15: Building] WARN  o.e.m.c.i.embedder.EclipseLogger - Using platform encoding (Cp1252 actually) to copy filtered resources, i.e. build is platform dependent!
2022-05-11 11:38:42,495 [Worker-15: Building] INFO  o.e.m.c.i.embedder.EclipseLogger - skip non existing resourceDirectory C:\SLIIT\Y3S1\PAF\Assignement\FrontEnd\UserMangementFrontEnd\src\main\resources
2022-05-11 11:38:42,503 [Worker-15: Building] WARN  o.e.m.c.i.embedder.EclipseLogger - Using platform encoding (Cp1252 actually) to copy filtered resources, i.e. build is platform dependent!
2022-05-11 11:38:42,507 [Worker-15: Building] INFO  o.e.m.c.i.embedder.EclipseLogger - skip non existing resourceDirectory C:\SLIIT\Y3S1\PAF\Assignement\FrontEnd\UserMangementFrontEnd\src\test\resources
2022-05-11 11:39:14,992 [Worker-19: Building] WARN  o.e.m.c.i.embedder.EclipseLogger - Using platform encoding (Cp1252 actually) to copy filtered resources, i.e. build is platform dependent!
2022-05-11 11:39:14,999 [Worker-19: Building] INFO  o.e.m.c.i.embedder.EclipseLogger - skip non existing resourceDirectory C:\SLIIT\Y3S1\PAF\Assignement\FrontEnd\UserMangementFrontEnd\src\main\resources
2022-05-11 11:39:15,016 [Worker-19: Building] WARN  o.e.m.c.i.embedder.EclipseLogger - Using platform encoding (Cp1252 actually) to copy filtered resources, i.e. build is platform dependent!
2022-05-11 11:39:15,019 [Worker-19: Building] INFO  o.e.m.c.i.embedder.EclipseLogger - skip non existing resourceDirectory C:\SLIIT\Y3S1\PAF\Assignement\FrontEnd\UserMangementFrontEnd\src\test\resources
2022-05-11 11:39:33,706 [Worker-18: Building] WARN  o.e.m.c.i.embedder.EclipseLogger - Using platform encoding (Cp1252 actually) to copy filtered resources, i.e. build is platform dependent!
2022-05-11 11:39:33,709 [Worker-18: Building] INFO  o.e.m.c.i.embedder.EclipseLogger - skip non existing resourceDirectory C:\SLIIT\Y3S1\PAF\Assignement\FrontEnd\UserMangementFrontEnd\src\main\resources
2022-05-11 11:39:33,714 [Worker-18: Building] WARN  o.e.m.c.i.embedder.EclipseLogger - Using platform encoding (Cp1252 actually) to copy filtered resources, i.e. build is platform dependent!
2022-05-11 11:39:33,717 [Worker-18: Building] INFO  o.e.m.c.i.embedder.EclipseLogger - skip non existing resourceDirectory C:\SLIIT\Y3S1\PAF\Assignement\FrontEnd\UserMangementFrontEnd\src\test\resources
2022-05-11 11:40:03,922 [Worker-24: Building] WARN  o.e.m.c.i.embedder.EclipseLogger - Using platform encoding (Cp1252 actually) to copy filtered resources, i.e. build is platform dependent!
2022-05-11 11:40:03,925 [Worker-24: Building] INFO  o.e.m.c.i.embedder.EclipseLogger - skip non existing resourceDirectory C:\SLIIT\Y3S1\PAF\Assignement\FrontEnd\UserMangementFrontEnd\src\main\resources
2022-05-11 11:40:03,952 [Worker-24: Building] WARN  o.e.m.c.i.embedder.EclipseLogger - Using platform encoding (Cp1252 actually) to copy filtered resources, i.e. build is platform dependent!
2022-05-11 11:40:03,954 [Worker-24: Building] INFO  o.e.m.c.i.embedder.EclipseLogger - skip non existing resourceDirectory C:\SLIIT\Y3S1\PAF\Assignement\FrontEnd\UserMangementFrontEnd\src\test\resources
2022-05-11 11:40:18,296 [Worker-18: Building] WARN  o.e.m.c.i.embedder.EclipseLogger - Using platform encoding (Cp1252 actually) to copy filtered resources, i.e. build is platform dependent!
2022-05-11 11:40:18,312 [Worker-18: Building] INFO  o.e.m.c.i.embedder.EclipseLogger - skip non existing resourceDirectory C:\SLIIT\Y3S1\PAF\Assignement\FrontEnd\UserMangementFrontEnd\src\main\resources
2022-05-11 11:40:18,322 [Worker-18: Building] WARN  o.e.m.c.i.embedder.EclipseLogger - Using platform encoding (Cp1252 actually) to copy filtered resources, i.e. build is platform dependent!
2022-05-11 11:40:18,324 [Worker-18: Building] INFO  o.e.m.c.i.embedder.EclipseLogger - skip non existing resourceDirectory C:\SLIIT\Y3S1\PAF\Assignement\FrontEnd\UserMangementFrontEnd\src\test\resources
2022-05-11 11:40:53,615 [Worker-28: Building] WARN  o.e.m.c.i.embedder.EclipseLogger - Using platform encoding (Cp1252 actually) to copy filtered resources, i.e. build is platform dependent!
2022-05-11 11:40:53,617 [Worker-28: Building] INFO  o.e.m.c.i.embedder.EclipseLogger - skip non existing resourceDirectory C:\SLIIT\Y3S1\PAF\Assignement\FrontEnd\UserMangementFrontEnd\src\main\resources
2022-05-11 11:40:53,620 [Worker-28: Building] WARN  o.e.m.c.i.embedder.EclipseLogger - Using platform encoding (Cp1252 actually) to copy filtered resources, i.e. build is platform dependent!
2022-05-11 11:40:53,624 [Worker-28: Building] INFO  o.e.m.c.i.embedder.EclipseLogger - skip non existing resourceDirectory C:\SLIIT\Y3S1\PAF\Assignement\FrontEnd\UserMangementFrontEnd\src\test\resources
2022-05-11 11:40:54,702 [Worker-28: Building] WARN  o.e.m.c.i.embedder.EclipseLogger - Using platform encoding (Cp1252 actually) to copy filtered resources, i.e. build is platform dependent!
2022-05-11 11:40:54,708 [Worker-28: Building] INFO  o.e.m.c.i.embedder.EclipseLogger - skip non existing resourceDirectory C:\SLIIT\Y3S1\PAF\Assignement\FrontEnd\UserMangementFrontEnd\src\main\resources
2022-05-11 11:40:54,711 [Worker-28: Building] WARN  o.e.m.c.i.embedder.EclipseLogger - Using platform encoding (Cp1252 actually) to copy filtered resources, i.e. build is platform dependent!
2022-05-11 11:40:54,715 [Worker-28: Building] INFO  o.e.m.c.i.embedder.EclipseLogger - skip non existing resourceDirectory C:\SLIIT\Y3S1\PAF\Assignement\FrontEnd\UserMangementFrontEnd\src\test\resources
2022-05-11 11:41:53,108 [Worker-23: Building] WARN  o.e.m.c.i.embedder.EclipseLogger - Using platform encoding (Cp1252 actually) to copy filtered resources, i.e. build is platform dependent!
2022-05-11 11:41:53,111 [Worker-23: Building] INFO  o.e.m.c.i.embedder.EclipseLogger - skip non existing resourceDirectory C:\SLIIT\Y3S1\PAF\Assignement\FrontEnd\UserMangementFrontEnd\src\main\resources
2022-05-11 11:41:53,132 [Worker-23: Building] WARN  o.e.m.c.i.embedder.EclipseLogger - Using platform encoding (Cp1252 actually) to copy filtered resources, i.e. build is platform dependent!
2022-05-11 11:41:53,134 [Worker-23: Building] INFO  o.e.m.c.i.embedder.EclipseLogger - skip non existing resourceDirectory C:\SLIIT\Y3S1\PAF\Assignement\FrontEnd\UserMangementFrontEnd\src\test\resources
2022-05-11 11:48:00,061 [Worker-30: Building] WARN  o.e.m.c.i.embedder.EclipseLogger - Using platform encoding (Cp1252 actually) to copy filtered resources, i.e. build is platform dependent!
2022-05-11 11:48:00,112 [Worker-30: Building] INFO  o.e.m.c.i.embedder.EclipseLogger - skip non existing resourceDirectory C:\SLIIT\Y3S1\PAF\Assignement\FrontEnd\UserMangementFrontEnd\src\main\resources
2022-05-11 11:48:00,115 [Worker-30: Building] WARN  o.e.m.c.i.embedder.EclipseLogger - Using platform encoding (Cp1252 actually) to copy filtered resources, i.e. build is platform dependent!
2022-05-11 11:48:00,118 [Worker-30: Building] INFO  o.e.m.c.i.embedder.EclipseLogger - skip non existing resourceDirectory C:\SLIIT\Y3S1\PAF\Assignement\FrontEnd\UserMangementFrontEnd\src\test\resources
2022-05-11 12:06:03,864 [Worker-39: Building] WARN  o.e.m.c.i.embedder.EclipseLogger - Using platform encoding (Cp1252 actually) to copy filtered resources, i.e. build is platform dependent!
2022-05-11 12:06:03,868 [Worker-39: Building] INFO  o.e.m.c.i.embedder.EclipseLogger - skip non existing resourceDirectory C:\SLIIT\Y3S1\PAF\Assignement\FrontEnd\UserMangementFrontEnd\src\main\resources
2022-05-11 12:06:03,871 [Worker-39: Building] WARN  o.e.m.c.i.embedder.EclipseLogger - Using platform encoding (Cp1252 actually) to copy filtered resources, i.e. build is platform dependent!
2022-05-11 12:06:03,875 [Worker-39: Building] INFO  o.e.m.c.i.embedder.EclipseLogger - skip non existing resourceDirectory C:\SLIIT\Y3S1\PAF\Assignement\FrontEnd\UserMangementFrontEnd\src\test\resources
2022-05-11 12:13:22,742 [Worker-39: Building] WARN  o.e.m.c.i.embedder.EclipseLogger - Using platform encoding (Cp1252 actually) to copy filtered resources, i.e. build is platform dependent!
2022-05-11 12:13:22,750 [Worker-39: Building] INFO  o.e.m.c.i.embedder.EclipseLogger - skip non existing resourceDirectory C:\SLIIT\Y3S1\PAF\Assignement\FrontEnd\UserMangementFrontEnd\src\main\resources
2022-05-11 12:13:22,755 [Worker-39: Building] WARN  o.e.m.c.i.embedder.EclipseLogger - Using platform encoding (Cp1252 actually) to copy filtered resources, i.e. build is platform dependent!
2022-05-11 12:13:22,757 [Worker-39: Building] INFO  o.e.m.c.i.embedder.EclipseLogger - skip non existing resourceDirectory C:\SLIIT\Y3S1\PAF\Assignement\FrontEnd\UserMangementFrontEnd\src\test\resources
2022-05-11 12:19:10,588 [Worker-42: Building] WARN  o.e.m.c.i.embedder.EclipseLogger - Using platform encoding (Cp1252 actually) to copy filtered resources, i.e. build is platform dependent!
2022-05-11 12:19:10,591 [Worker-42: Building] INFO  o.e.m.c.i.embedder.EclipseLogger - skip non existing resourceDirectory C:\SLIIT\Y3S1\PAF\Assignement\FrontEnd\UserMangementFrontEnd\src\main\resources
2022-05-11 12:19:10,596 [Worker-42: Building] WARN  o.e.m.c.i.embedder.EclipseLogger - Using platform encoding (Cp1252 actually) to copy filtered resources, i.e. build is platform dependent!
2022-05-11 12:19:10,598 [Worker-42: Building] INFO  o.e.m.c.i.embedder.EclipseLogger - skip non existing resourceDirectory C:\SLIIT\Y3S1\PAF\Assignement\FrontEnd\UserMangementFrontEnd\src\test\resources
2022-05-11 12:30:48,658 [Worker-50: Building] WARN  o.e.m.c.i.embedder.EclipseLogger - Using platform encoding (Cp1252 actually) to copy filtered resources, i.e. build is platform dependent!
2022-05-11 12:30:48,662 [Worker-50: Building] INFO  o.e.m.c.i.embedder.EclipseLogger - skip non existing resourceDirectory C:\SLIIT\Y3S1\PAF\Assignement\FrontEnd\UserMangementFrontEnd\src\main\resources
2022-05-11 12:30:48,666 [Worker-50: Building] WARN  o.e.m.c.i.embedder.EclipseLogger - Using platform encoding (Cp1252 actually) to copy filtered resources, i.e. build is platform dependent!
2022-05-11 12:30:48,668 [Worker-50: Building] INFO  o.e.m.c.i.embedder.EclipseLogger - skip non existing resourceDirectory C:\SLIIT\Y3S1\PAF\Assignement\FrontEnd\UserMangementFrontEnd\src\test\resources
2022-05-11 12:37:49,078 [Worker-48: Building] WARN  o.e.m.c.i.embedder.EclipseLogger - Using platform encoding (Cp1252 actually) to copy filtered resources, i.e. build is platform dependent!
2022-05-11 12:37:49,081 [Worker-48: Building] INFO  o.e.m.c.i.embedder.EclipseLogger - skip non existing resourceDirectory C:\SLIIT\Y3S1\PAF\Assignement\FrontEnd\UserMangementFrontEnd\src\main\resources
2022-05-11 12:37:49,084 [Worker-48: Building] WARN  o.e.m.c.i.embedder.EclipseLogger - Using platform encoding (Cp1252 actually) to copy filtered resources, i.e. build is platform dependent!
2022-05-11 12:37:49,087 [Worker-48: Building] INFO  o.e.m.c.i.embedder.EclipseLogger - skip non existing resourceDirectory C:\SLIIT\Y3S1\PAF\Assignement\FrontEnd\UserMangementFrontEnd\src\test\resources
2022-05-11 12:39:50,496 [Worker-50: Building] WARN  o.e.m.c.i.embedder.EclipseLogger - Using platform encoding (Cp1252 actually) to copy filtered resources, i.e. build is platform dependent!
2022-05-11 12:39:50,499 [Worker-50: Building] INFO  o.e.m.c.i.embedder.EclipseLogger - skip non existing resourceDirectory C:\SLIIT\Y3S1\PAF\Assignement\FrontEnd\UserMangementFrontEnd\src\main\resources
2022-05-11 12:39:50,505 [Worker-50: Building] WARN  o.e.m.c.i.embedder.EclipseLogger - Using platform encoding (Cp1252 actually) to copy filtered resources, i.e. build is platform dependent!
2022-05-11 12:39:50,507 [Worker-50: Building] INFO  o.e.m.c.i.embedder.EclipseLogger - skip non existing resourceDirectory C:\SLIIT\Y3S1\PAF\Assignement\FrontEnd\UserMangementFrontEnd\src\test\resources
2022-05-11 12:41:26,631 [Worker-55: Building] WARN  o.e.m.c.i.embedder.EclipseLogger - Using platform encoding (Cp1252 actually) to copy filtered resources, i.e. build is platform dependent!
2022-05-11 12:41:26,672 [Worker-55: Building] INFO  o.e.m.c.i.embedder.EclipseLogger - skip non existing resourceDirectory C:\SLIIT\Y3S1\PAF\Assignement\FrontEnd\UserMangementFrontEnd\src\main\resources
2022-05-11 12:41:26,676 [Worker-55: Building] WARN  o.e.m.c.i.embedder.EclipseLogger - Using platform encoding (Cp1252 actually) to copy filtered resources, i.e. build is platform dependent!
2022-05-11 12:41:26,679 [Worker-55: Building] INFO  o.e.m.c.i.embedder.EclipseLogger - skip non existing resourceDirectory C:\SLIIT\Y3S1\PAF\Assignement\FrontEnd\UserMangementFrontEnd\src\test\resources
2022-05-11 12:52:07,054 [Worker-57: Building] WARN  o.e.m.c.i.embedder.EclipseLogger - Using platform encoding (Cp1252 actually) to copy filtered resources, i.e. build is platform dependent!
2022-05-11 12:52:07,077 [Worker-57: Building] INFO  o.e.m.c.i.embedder.EclipseLogger - skip non existing resourceDirectory C:\SLIIT\Y3S1\PAF\Assignement\FrontEnd\UserMangementFrontEnd\src\main\resources
2022-05-11 12:52:07,085 [Worker-57: Building] WARN  o.e.m.c.i.embedder.EclipseLogger - Using platform encoding (Cp1252 actually) to copy filtered resources, i.e. build is platform dependent!
2022-05-11 12:52:07,087 [Worker-57: Building] INFO  o.e.m.c.i.embedder.EclipseLogger - skip non existing resourceDirectory C:\SLIIT\Y3S1\PAF\Assignement\FrontEnd\UserMangementFrontEnd\src\test\resources
2022-05-11 13:00:29,311 [Worker-64: Building] WARN  o.e.m.c.i.embedder.EclipseLogger - Using platform encoding (Cp1252 actually) to copy filtered resources, i.e. build is platform dependent!
2022-05-11 13:00:29,338 [Worker-64: Building] INFO  o.e.m.c.i.embedder.EclipseLogger - skip non existing resourceDirectory C:\SLIIT\Y3S1\PAF\Assignement\FrontEnd\UserMangementFrontEnd\src\main\resources
2022-05-11 13:00:29,347 [Worker-64: Building] WARN  o.e.m.c.i.embedder.EclipseLogger - Using platform encoding (Cp1252 actually) to copy filtered resources, i.e. build is platform dependent!
2022-05-11 13:00:29,349 [Worker-64: Building] INFO  o.e.m.c.i.embedder.EclipseLogger - skip non existing resourceDirectory C:\SLIIT\Y3S1\PAF\Assignement\FrontEnd\UserMangementFrontEnd\src\test\resources
2022-05-11 13:01:11,156 [Worker-62: Building] WARN  o.e.m.c.i.embedder.EclipseLogger - Using platform encoding (Cp1252 actually) to copy filtered resources, i.e. build is platform dependent!
2022-05-11 13:01:11,158 [Worker-62: Building] INFO  o.e.m.c.i.embedder.EclipseLogger - skip non existing resourceDirectory C:\SLIIT\Y3S1\PAF\Assignement\FrontEnd\UserMangementFrontEnd\src\main\resources
2022-05-11 13:01:11,186 [Worker-62: Building] WARN  o.e.m.c.i.embedder.EclipseLogger - Using platform encoding (Cp1252 actually) to copy filtered resources, i.e. build is platform dependent!
2022-05-11 13:01:11,191 [Worker-62: Building] INFO  o.e.m.c.i.embedder.EclipseLogger - skip non existing resourceDirectory C:\SLIIT\Y3S1\PAF\Assignement\FrontEnd\UserMangementFrontEnd\src\test\resources
2022-05-11 13:05:01,024 [Worker-64: Building] WARN  o.e.m.c.i.embedder.EclipseLogger - Using platform encoding (Cp1252 actually) to copy filtered resources, i.e. build is platform dependent!
2022-05-11 13:05:01,027 [Worker-64: Building] INFO  o.e.m.c.i.embedder.EclipseLogger - skip non existing resourceDirectory C:\SLIIT\Y3S1\PAF\Assignement\FrontEnd\UserMangementFrontEnd\src\main\resources
2022-05-11 13:05:01,029 [Worker-64: Building] WARN  o.e.m.c.i.embedder.EclipseLogger - Using platform encoding (Cp1252 actually) to copy filtered resources, i.e. build is platform dependent!
2022-05-11 13:05:01,031 [Worker-64: Building] INFO  o.e.m.c.i.embedder.EclipseLogger - skip non existing resourceDirectory C:\SLIIT\Y3S1\PAF\Assignement\FrontEnd\UserMangementFrontEnd\src\test\resources
2022-05-11 13:06:39,642 [Worker-58: Building] WARN  o.e.m.c.i.embedder.EclipseLogger - Using platform encoding (Cp1252 actually) to copy filtered resources, i.e. build is platform dependent!
2022-05-11 13:06:39,645 [Worker-58: Building] INFO  o.e.m.c.i.embedder.EclipseLogger - skip non existing resourceDirectory C:\SLIIT\Y3S1\PAF\Assignement\FrontEnd\UserMangementFrontEnd\src\main\resources
2022-05-11 13:06:39,647 [Worker-58: Building] WARN  o.e.m.c.i.embedder.EclipseLogger - Using platform encoding (Cp1252 actually) to copy filtered resources, i.e. build is platform dependent!
2022-05-11 13:06:39,650 [Worker-58: Building] INFO  o.e.m.c.i.embedder.EclipseLogger - skip non existing resourceDirectory C:\SLIIT\Y3S1\PAF\Assignement\FrontEnd\UserMangementFrontEnd\src\test\resources
2022-05-11 13:07:10,108 [Worker-64: Building] WARN  o.e.m.c.i.embedder.EclipseLogger - Using platform encoding (Cp1252 actually) to copy filtered resources, i.e. build is platform dependent!
2022-05-11 13:07:10,110 [Worker-64: Building] INFO  o.e.m.c.i.embedder.EclipseLogger - skip non existing resourceDirectory C:\SLIIT\Y3S1\PAF\Assignement\FrontEnd\UserMangementFrontEnd\src\main\resources
2022-05-11 13:07:10,116 [Worker-64: Building] WARN  o.e.m.c.i.embedder.EclipseLogger - Using platform encoding (Cp1252 actually) to copy filtered resources, i.e. build is platform dependent!
2022-05-11 13:07:10,120 [Worker-64: Building] INFO  o.e.m.c.i.embedder.EclipseLogger - skip non existing resourceDirectory C:\SLIIT\Y3S1\PAF\Assignement\FrontEnd\UserMangementFrontEnd\src\test\resources
2022-05-11 13:07:27,557 [Worker-64: Building] WARN  o.e.m.c.i.embedder.EclipseLogger - Using platform encoding (Cp1252 actually) to copy filtered resources, i.e. build is platform dependent!
2022-05-11 13:07:27,560 [Worker-64: Building] INFO  o.e.m.c.i.embedder.EclipseLogger - skip non existing resourceDirectory C:\SLIIT\Y3S1\PAF\Assignement\FrontEnd\UserMangementFrontEnd\src\main\resources
2022-05-11 13:07:27,564 [Worker-64: Building] WARN  o.e.m.c.i.embedder.EclipseLogger - Using platform encoding (Cp1252 actually) to copy filtered resources, i.e. build is platform dependent!
2022-05-11 13:07:27,566 [Worker-64: Building] INFO  o.e.m.c.i.embedder.EclipseLogger - skip non existing resourceDirectory C:\SLIIT\Y3S1\PAF\Assignement\FrontEnd\UserMangementFrontEnd\src\test\resources
2022-05-11 13:10:22,267 [Worker-68: Building] WARN  o.e.m.c.i.embedder.EclipseLogger - Using platform encoding (Cp1252 actually) to copy filtered resources, i.e. build is platform dependent!
2022-05-11 13:10:22,272 [Worker-68: Building] INFO  o.e.m.c.i.embedder.EclipseLogger - skip non existing resourceDirectory C:\SLIIT\Y3S1\PAF\Assignement\FrontEnd\UserMangementFrontEnd\src\main\resources
2022-05-11 13:10:22,280 [Worker-68: Building] WARN  o.e.m.c.i.embedder.EclipseLogger - Using platform encoding (Cp1252 actually) to copy filtered resources, i.e. build is platform dependent!
2022-05-11 13:10:22,283 [Worker-68: Building] INFO  o.e.m.c.i.embedder.EclipseLogger - skip non existing resourceDirectory C:\SLIIT\Y3S1\PAF\Assignement\FrontEnd\UserMangementFrontEnd\src\test\resources
2022-05-11 13:16:13,494 [Worker-70: Building] WARN  o.e.m.c.i.embedder.EclipseLogger - Using platform encoding (Cp1252 actually) to copy filtered resources, i.e. build is platform dependent!
2022-05-11 13:16:13,500 [Worker-70: Building] INFO  o.e.m.c.i.embedder.EclipseLogger - skip non existing resourceDirectory C:\SLIIT\Y3S1\PAF\Assignement\FrontEnd\UserMangementFrontEnd\src\main\resources
2022-05-11 13:16:13,502 [Worker-70: Building] WARN  o.e.m.c.i.embedder.EclipseLogger - Using platform encoding (Cp1252 actually) to copy filtered resources, i.e. build is platform dependent!
2022-05-11 13:16:13,504 [Worker-70: Building] INFO  o.e.m.c.i.embedder.EclipseLogger - skip non existing resourceDirectory C:\SLIIT\Y3S1\PAF\Assignement\FrontEnd\UserMangementFrontEnd\src\test\resources
2022-05-11 13:16:39,100 [Worker-70: Building] WARN  o.e.m.c.i.embedder.EclipseLogger - Using platform encoding (Cp1252 actually) to copy filtered resources, i.e. build is platform dependent!
2022-05-11 13:16:39,103 [Worker-70: Building] INFO  o.e.m.c.i.embedder.EclipseLogger - skip non existing resourceDirectory C:\SLIIT\Y3S1\PAF\Assignement\FrontEnd\UserMangementFrontEnd\src\main\resources
2022-05-11 13:16:39,122 [Worker-70: Building] WARN  o.e.m.c.i.embedder.EclipseLogger - Using platform encoding (Cp1252 actually) to copy filtered resources, i.e. build is platform dependent!
2022-05-11 13:16:39,125 [Worker-70: Building] INFO  o.e.m.c.i.embedder.EclipseLogger - skip non existing resourceDirectory C:\SLIIT\Y3S1\PAF\Assignement\FrontEnd\UserMangementFrontEnd\src\test\resources
2022-05-11 13:34:54,566 [Worker-69: Building] WARN  o.e.m.c.i.embedder.EclipseLogger - Using platform encoding (Cp1252 actually) to copy filtered resources, i.e. build is platform dependent!
2022-05-11 13:34:54,572 [Worker-69: Building] INFO  o.e.m.c.i.embedder.EclipseLogger - skip non existing resourceDirectory C:\SLIIT\Y3S1\PAF\Assignement\FrontEnd\UserMangementFrontEnd\src\main\resources
2022-05-11 13:34:54,575 [Worker-69: Building] WARN  o.e.m.c.i.embedder.EclipseLogger - Using platform encoding (Cp1252 actually) to copy filtered resources, i.e. build is platform dependent!
2022-05-11 13:34:54,577 [Worker-69: Building] INFO  o.e.m.c.i.embedder.EclipseLogger - skip non existing resourceDirectory C:\SLIIT\Y3S1\PAF\Assignement\FrontEnd\UserMangementFrontEnd\src\test\resources
2022-05-11 13:35:21,478 [Worker-68: Building] WARN  o.e.m.c.i.embedder.EclipseLogger - Using platform encoding (Cp1252 actually) to copy filtered resources, i.e. build is platform dependent!
2022-05-11 13:35:21,480 [Worker-68: Building] INFO  o.e.m.c.i.embedder.EclipseLogger - skip non existing resourceDirectory C:\SLIIT\Y3S1\PAF\Assignement\FrontEnd\UserMangementFrontEnd\src\main\resources
2022-05-11 13:35:21,510 [Worker-68: Building] WARN  o.e.m.c.i.embedder.EclipseLogger - Using platform encoding (Cp1252 actually) to copy filtered resources, i.e. build is platform dependent!
2022-05-11 13:35:21,512 [Worker-68: Building] INFO  o.e.m.c.i.embedder.EclipseLogger - skip non existing resourceDirectory C:\SLIIT\Y3S1\PAF\Assignement\FrontEnd\UserMangementFrontEnd\src\test\resources
2022-05-11 13:45:02,627 [Worker-74: Building] WARN  o.e.m.c.i.embedder.EclipseLogger - Using platform encoding (Cp1252 actually) to copy filtered resources, i.e. build is platform dependent!
2022-05-11 13:45:02,632 [Worker-74: Building] INFO  o.e.m.c.i.embedder.EclipseLogger - skip non existing resourceDirectory C:\SLIIT\Y3S1\PAF\Assignement\FrontEnd\UserMangementFrontEnd\src\main\resources
2022-05-11 13:45:02,635 [Worker-74: Building] WARN  o.e.m.c.i.embedder.EclipseLogger - Using platform encoding (Cp1252 actually) to copy filtered resources, i.e. build is platform dependent!
2022-05-11 13:45:02,638 [Worker-74: Building] INFO  o.e.m.c.i.embedder.EclipseLogger - skip non existing resourceDirectory C:\SLIIT\Y3S1\PAF\Assignement\FrontEnd\UserMangementFrontEnd\src\test\resources
2022-05-11 13:58:05,245 [Worker-78: Building] INFO  o.e.m.c.i.l.LifecycleMappingFactory - Using org.maven.ide.eclipse.wtp.WarLifecycleMapping lifecycle mapping for MavenProject: com:UserManagementFrontEnd:0.0.1-SNAPSHOT @ C:\SLIIT\Y3S1\PAF\Assignement\FrontEnd\UserMangementFrontEnd\pom.xml.
2022-05-11 13:58:10,360 [Worker-78: Building] WARN  o.e.m.c.i.embedder.EclipseLogger - Using platform encoding (Cp1252 actually) to copy filtered resources, i.e. build is platform dependent!
2022-05-11 13:58:10,366 [Worker-78: Building] INFO  o.e.m.c.i.embedder.EclipseLogger - skip non existing resourceDirectory C:\SLIIT\Y3S1\PAF\Assignement\FrontEnd\UserMangementFrontEnd\src\main\resources
2022-05-11 13:58:10,373 [Worker-78: Building] WARN  o.e.m.c.i.embedder.EclipseLogger - Using platform encoding (Cp1252 actually) to copy filtered resources, i.e. build is platform dependent!
2022-05-11 13:58:10,375 [Worker-78: Building] INFO  o.e.m.c.i.embedder.EclipseLogger - skip non existing resourceDirectory C:\SLIIT\Y3S1\PAF\Assignement\FrontEnd\UserMangementFrontEnd\src\test\resources
2022-05-11 13:58:10,376 [Worker-78: Building] INFO  o.e.m.w.i.f.ResourceFilteringBuildParticipant - Changed resources require a complete clean of filtered resources of UserMangementFrontEnd
2022-05-11 13:58:10,376 [Worker-78: Building] INFO  o.e.m.w.i.f.ResourceFilteringBuildParticipant - Executing resource filtering for UserMangementFrontEnd
2022-05-11 13:58:10,396 [Worker-78: Building] WARN  o.e.m.c.i.embedder.EclipseLogger - Using platform encoding (Cp1252 actually) to copy filtered resources, i.e. build is platform dependent!
2022-05-11 14:01:39,873 [Worker-78: Building] INFO  o.e.m.c.i.l.LifecycleMappingFactory - Using org.maven.ide.eclipse.wtp.WarLifecycleMapping lifecycle mapping for MavenProject: com:UserManagementFrontEnd:0.0.1-SNAPSHOT @ C:\SLIIT\Y3S1\PAF\Assignement\FrontEnd\UserMangementFrontEnd\pom.xml.
2022-05-11 14:01:44,180 [Worker-78: Building] WARN  o.e.m.c.i.embedder.EclipseLogger - Using platform encoding (Cp1252 actually) to copy filtered resources, i.e. build is platform dependent!
2022-05-11 14:01:44,183 [Worker-78: Building] INFO  o.e.m.c.i.embedder.EclipseLogger - skip non existing resourceDirectory C:\SLIIT\Y3S1\PAF\Assignement\FrontEnd\UserMangementFrontEnd\src\main\resources
2022-05-11 14:01:44,194 [Worker-78: Building] WARN  o.e.m.c.i.embedder.EclipseLogger - Using platform encoding (Cp1252 actually) to copy filtered resources, i.e. build is platform dependent!
2022-05-11 14:01:44,196 [Worker-78: Building] INFO  o.e.m.c.i.embedder.EclipseLogger - skip non existing resourceDirectory C:\SLIIT\Y3S1\PAF\Assignement\FrontEnd\UserMangementFrontEnd\src\test\resources
2022-05-11 14:01:44,200 [Worker-78: Building] INFO  o.e.m.w.i.f.ResourceFilteringBuildParticipant - Changed resources require a complete clean of filtered resources of UserMangementFrontEnd
2022-05-11 14:01:44,200 [Worker-78: Building] INFO  o.e.m.w.i.f.ResourceFilteringBuildParticipant - Executing resource filtering for UserMangementFrontEnd
2022-05-11 14:01:44,222 [Worker-78: Building] WARN  o.e.m.c.i.embedder.EclipseLogger - Using platform encoding (Cp1252 actually) to copy filtered resources, i.e. build is platform dependent!
2022-05-11 14:01:51,053 [Worker-81: Building] WARN  o.e.m.c.i.embedder.EclipseLogger - Using platform encoding (Cp1252 actually) to copy filtered resources, i.e. build is platform dependent!
2022-05-11 14:01:51,056 [Worker-81: Building] INFO  o.e.m.c.i.embedder.EclipseLogger - skip non existing resourceDirectory C:\SLIIT\Y3S1\PAF\Assignement\FrontEnd\UserMangementFrontEnd\src\main\resources
2022-05-11 14:01:51,060 [Worker-81: Building] WARN  o.e.m.c.i.embedder.EclipseLogger - Using platform encoding (Cp1252 actually) to copy filtered resources, i.e. build is platform dependent!
2022-05-11 14:01:51,089 [Worker-81: Building] INFO  o.e.m.c.i.embedder.EclipseLogger - skip non existing resourceDirectory C:\SLIIT\Y3S1\PAF\Assignement\FrontEnd\UserMangementFrontEnd\src\test\resources
2022-05-11 14:02:33,124 [Worker-78: Building] INFO  o.e.m.c.i.l.LifecycleMappingFactory - Using org.maven.ide.eclipse.wtp.WarLifecycleMapping lifecycle mapping for MavenProject: com:UserManagementFrontEnd:0.0.1-SNAPSHOT @ C:\SLIIT\Y3S1\PAF\Assignement\FrontEnd\UserMangementFrontEnd\pom.xml.
2022-05-11 14:02:37,314 [Worker-78: Building] WARN  o.e.m.c.i.embedder.EclipseLogger - Using platform encoding (Cp1252 actually) to copy filtered resources, i.e. build is platform dependent!
2022-05-11 14:02:37,321 [Worker-78: Building] INFO  o.e.m.c.i.embedder.EclipseLogger - skip non existing resourceDirectory C:\SLIIT\Y3S1\PAF\Assignement\FrontEnd\UserMangementFrontEnd\src\main\resources
2022-05-11 14:02:37,332 [Worker-78: Building] WARN  o.e.m.c.i.embedder.EclipseLogger - Using platform encoding (Cp1252 actually) to copy filtered resources, i.e. build is platform dependent!
2022-05-11 14:02:37,336 [Worker-78: Building] INFO  o.e.m.c.i.embedder.EclipseLogger - skip non existing resourceDirectory C:\SLIIT\Y3S1\PAF\Assignement\FrontEnd\UserMangementFrontEnd\src\test\resources
2022-05-11 14:02:37,339 [Worker-78: Building] INFO  o.e.m.w.i.f.ResourceFilteringBuildParticipant - Changed resources require a complete clean of filtered resources of UserMangementFrontEnd
2022-05-11 14:02:37,339 [Worker-78: Building] INFO  o.e.m.w.i.f.ResourceFilteringBuildParticipant - Executing resource filtering for UserMangementFrontEnd
2022-05-11 14:02:37,353 [Worker-78: Building] WARN  o.e.m.c.i.embedder.EclipseLogger - Using platform encoding (Cp1252 actually) to copy filtered resources, i.e. build is platform dependent!
2022-05-11 14:44:52,457 [Worker-91: Building] WARN  o.e.m.c.i.embedder.EclipseLogger - Using platform encoding (Cp1252 actually) to copy filtered resources, i.e. build is platform dependent!
2022-05-11 14:44:52,472 [Worker-91: Building] INFO  o.e.m.c.i.embedder.EclipseLogger - skip non existing resourceDirectory C:\SLIIT\Y3S1\PAF\Assignement\FrontEnd\UserMangementFrontEnd\src\main\resources
2022-05-11 14:44:52,480 [Worker-91: Building] WARN  o.e.m.c.i.embedder.EclipseLogger - Using platform encoding (Cp1252 actually) to copy filtered resources, i.e. build is platform dependent!
2022-05-11 14:44:52,482 [Worker-91: Building] INFO  o.e.m.c.i.embedder.EclipseLogger - skip non existing resourceDirectory C:\SLIIT\Y3S1\PAF\Assignement\FrontEnd\UserMangementFrontEnd\src\test\resources
2022-05-11 14:59:13,989 [Worker-91: Building] WARN  o.e.m.c.i.embedder.EclipseLogger - Using platform encoding (Cp1252 actually) to copy filtered resources, i.e. build is platform dependent!
2022-05-11 14:59:13,995 [Worker-91: Building] INFO  o.e.m.c.i.embedder.EclipseLogger - skip non existing resourceDirectory C:\SLIIT\Y3S1\PAF\Assignement\FrontEnd\UserMangementFrontEnd\src\main\resources
2022-05-11 14:59:13,997 [Worker-91: Building] WARN  o.e.m.c.i.embedder.EclipseLogger - Using platform encoding (Cp1252 actually) to copy filtered resources, i.e. build is platform dependent!
2022-05-11 14:59:14,057 [Worker-91: Building] INFO  o.e.m.c.i.embedder.EclipseLogger - skip non existing resourceDirectory C:\SLIIT\Y3S1\PAF\Assignement\FrontEnd\UserMangementFrontEnd\src\test\resources
2022-05-11 15:04:11,932 [Worker-94: Building] WARN  o.e.m.c.i.embedder.EclipseLogger - Using platform encoding (Cp1252 actually) to copy filtered resources, i.e. build is platform dependent!
2022-05-11 15:04:11,936 [Worker-94: Building] INFO  o.e.m.c.i.embedder.EclipseLogger - skip non existing resourceDirectory C:\SLIIT\Y3S1\PAF\Assignement\FrontEnd\UserMangementFrontEnd\src\main\resources
2022-05-11 15:04:11,939 [Worker-94: Building] WARN  o.e.m.c.i.embedder.EclipseLogger - Using platform encoding (Cp1252 actually) to copy filtered resources, i.e. build is platform dependent!
2022-05-11 15:04:11,942 [Worker-94: Building] INFO  o.e.m.c.i.embedder.EclipseLogger - skip non existing resourceDirectory C:\SLIIT\Y3S1\PAF\Assignement\FrontEnd\UserMangementFrontEnd\src\test\resources
2022-05-11 15:07:18,352 [Worker-94: Building] WARN  o.e.m.c.i.embedder.EclipseLogger - Using platform encoding (Cp1252 actually) to copy filtered resources, i.e. build is platform dependent!
2022-05-11 15:07:18,356 [Worker-94: Building] INFO  o.e.m.c.i.embedder.EclipseLogger - skip non existing resourceDirectory C:\SLIIT\Y3S1\PAF\Assignement\FrontEnd\UserMangementFrontEnd\src\main\resources
2022-05-11 15:07:18,361 [Worker-94: Building] WARN  o.e.m.c.i.embedder.EclipseLogger - Using platform encoding (Cp1252 actually) to copy filtered resources, i.e. build is platform dependent!
2022-05-11 15:07:18,363 [Worker-94: Building] INFO  o.e.m.c.i.embedder.EclipseLogger - skip non existing resourceDirectory C:\SLIIT\Y3S1\PAF\Assignement\FrontEnd\UserMangementFrontEnd\src\test\resources
2022-05-11 15:11:02,812 [Worker-103: Building] WARN  o.e.m.c.i.embedder.EclipseLogger - Using platform encoding (Cp1252 actually) to copy filtered resources, i.e. build is platform dependent!
2022-05-11 15:11:02,816 [Worker-103: Building] INFO  o.e.m.c.i.embedder.EclipseLogger - skip non existing resourceDirectory C:\SLIIT\Y3S1\PAF\Assignement\FrontEnd\UserMangementFrontEnd\src\main\resources
2022-05-11 15:11:02,821 [Worker-103: Building] WARN  o.e.m.c.i.embedder.EclipseLogger - Using platform encoding (Cp1252 actually) to copy filtered resources, i.e. build is platform dependent!
2022-05-11 15:11:02,823 [Worker-103: Building] INFO  o.e.m.c.i.embedder.EclipseLogger - skip non existing resourceDirectory C:\SLIIT\Y3S1\PAF\Assignement\FrontEnd\UserMangementFrontEnd\src\test\resources
2022-05-11 18:13:25,079 [Worker-2: Loading available Gradle versions] INFO  o.e.b.c.i.u.g.PublishedGradleVersions - Gradle version information cache is up-to-date. Trying to read.
2022-05-11 18:14:05,463 [Worker-11: Updating Maven Project] INFO  o.e.m.c.i.p.ProjectConfigurationManager - Update started
2022-05-11 18:14:07,812 [Worker-11: Updating Maven Project] INFO  o.e.m.c.i.l.LifecycleMappingFactory - Using org.maven.ide.eclipse.wtp.WarLifecycleMapping lifecycle mapping for MavenProject: com:UserManagementFrontEnd:0.0.1-SNAPSHOT @ C:\SLIIT\Y3S1\PAF\Assignement\FrontEnd\UserMangementFrontEnd\pom.xml.
2022-05-11 18:14:14,002 [Worker-11: Updating Maven Project] INFO  o.e.m.j.i.AbstractJavaProjectConfigurator - Adding source folder /UserMangementFrontEnd/src
2022-05-11 18:14:14,005 [Worker-11: Updating Maven Project] INFO  o.e.m.j.i.AbstractJavaProjectConfigurator - Adding source folder /UserMangementFrontEnd/src/test/java
2022-05-11 18:14:14,142 [Worker-11: Updating Maven Project] INFO  o.e.m.c.i.p.ProjectConfigurationManager - Update completed: 8 sec
2022-05-11 18:14:17,698 [Worker-9: Building] WARN  o.e.m.c.i.embedder.EclipseLogger - Using platform encoding (Cp1252 actually) to copy filtered resources, i.e. build is platform dependent!
2022-05-11 18:14:17,703 [Worker-9: Building] INFO  o.e.m.c.i.embedder.EclipseLogger - skip non existing resourceDirectory C:\SLIIT\Y3S1\PAF\Assignement\FrontEnd\UserMangementFrontEnd\src\main\resources
2022-05-11 18:14:17,713 [Worker-9: Building] WARN  o.e.m.c.i.embedder.EclipseLogger - Using platform encoding (Cp1252 actually) to copy filtered resources, i.e. build is platform dependent!
2022-05-11 18:14:17,715 [Worker-9: Building] INFO  o.e.m.c.i.embedder.EclipseLogger - skip non existing resourceDirectory C:\SLIIT\Y3S1\PAF\Assignement\FrontEnd\UserMangementFrontEnd\src\test\resources
2022-05-11 18:14:17,724 [Worker-9: Building] INFO  o.e.m.w.i.f.ResourceFilteringBuildParticipant - Changed resources require a complete clean of filtered resources of UserMangementFrontEnd
2022-05-11 18:14:17,726 [Worker-9: Building] INFO  o.e.m.w.i.f.ResourceFilteringBuildParticipant - Executing resource filtering for UserMangementFrontEnd
2022-05-11 18:14:17,800 [Worker-9: Building] WARN  o.e.m.c.i.embedder.EclipseLogger - The POM for org.apache.maven.plugins:maven-clean-plugin:jar:2.5 is missing, no dependency information available
2022-05-11 18:14:17,824 [Worker-9: Building] WARN  o.e.m.c.i.embedder.EclipseLogger - Using platform encoding (Cp1252 actually) to copy filtered resources, i.e. build is platform dependent!
2022-05-11 18:14:29,920 [Worker-0: Building] WARN  o.e.m.c.i.embedder.EclipseLogger - Using platform encoding (Cp1252 actually) to copy filtered resources, i.e. build is platform dependent!
2022-05-11 18:14:29,923 [Worker-0: Building] INFO  o.e.m.c.i.embedder.EclipseLogger - skip non existing resourceDirectory C:\SLIIT\Y3S1\PAF\Assignement\FrontEnd\UserMangementFrontEnd\src\main\resources
2022-05-11 18:14:29,926 [Worker-0: Building] WARN  o.e.m.c.i.embedder.EclipseLogger - Using platform encoding (Cp1252 actually) to copy filtered resources, i.e. build is platform dependent!
2022-05-11 18:14:29,929 [Worker-0: Building] INFO  o.e.m.c.i.embedder.EclipseLogger - skip non existing resourceDirectory C:\SLIIT\Y3S1\PAF\Assignement\FrontEnd\UserMangementFrontEnd\src\test\resources
2022-05-11 18:17:47,699 [Worker-9: Updating Maven Project] INFO  o.e.m.c.i.p.ProjectConfigurationManager - Update started
2022-05-11 18:17:49,206 [Worker-9: Updating Maven Project] INFO  o.e.m.c.i.l.LifecycleMappingFactory - Using org.maven.ide.eclipse.wtp.WarLifecycleMapping lifecycle mapping for MavenProject: com:UserManagementFrontEnd:0.0.1-SNAPSHOT @ C:\SLIIT\Y3S1\PAF\Assignement\FrontEnd\UserMangementFrontEnd\pom.xml.
2022-05-11 18:17:52,063 [Worker-9: Updating Maven Project] INFO  o.e.m.j.i.AbstractJavaProjectConfigurator - Adding source folder /UserMangementFrontEnd/src
2022-05-11 18:17:52,066 [Worker-9: Updating Maven Project] INFO  o.e.m.j.i.AbstractJavaProjectConfigurator - Adding source folder /UserMangementFrontEnd/src/test/java
2022-05-11 18:17:52,076 [Worker-9: Updating Maven Project] INFO  o.e.m.c.i.p.ProjectConfigurationManager - Update completed: 4 sec
2022-05-11 18:17:54,247 [Worker-9: Building] WARN  o.e.m.c.i.embedder.EclipseLogger - Using platform encoding (Cp1252 actually) to copy filtered resources, i.e. build is platform dependent!
2022-05-11 18:17:54,251 [Worker-9: Building] INFO  o.e.m.c.i.embedder.EclipseLogger - skip non existing resourceDirectory C:\SLIIT\Y3S1\PAF\Assignement\FrontEnd\UserMangementFrontEnd\src\main\resources
2022-05-11 18:17:54,344 [Worker-9: Building] WARN  o.e.m.c.i.embedder.EclipseLogger - Using platform encoding (Cp1252 actually) to copy filtered resources, i.e. build is platform dependent!
2022-05-11 18:17:54,348 [Worker-9: Building] INFO  o.e.m.c.i.embedder.EclipseLogger - skip non existing resourceDirectory C:\SLIIT\Y3S1\PAF\Assignement\FrontEnd\UserMangementFrontEnd\src\test\resources
2022-05-11 18:17:54,349 [Worker-9: Building] INFO  o.e.m.w.i.f.ResourceFilteringBuildParticipant - Changed resources require a complete clean of filtered resources of UserMangementFrontEnd
2022-05-11 18:17:54,350 [Worker-9: Building] INFO  o.e.m.w.i.f.ResourceFilteringBuildParticipant - Executing resource filtering for UserMangementFrontEnd
2022-05-11 18:17:54,360 [Worker-9: Building] WARN  o.e.m.c.i.embedder.EclipseLogger - Using platform encoding (Cp1252 actually) to copy filtered resources, i.e. build is platform dependent!
2022-05-11 18:19:55,543 [Worker-14: Building] WARN  o.e.m.c.i.embedder.EclipseLogger - Using platform encoding (Cp1252 actually) to copy filtered resources, i.e. build is platform dependent!
2022-05-11 18:19:55,549 [Worker-14: Building] INFO  o.e.m.c.i.embedder.EclipseLogger - skip non existing resourceDirectory C:\SLIIT\Y3S1\PAF\Assignement\FrontEnd\UserMangementFrontEnd\src\main\resources
2022-05-11 18:19:55,559 [Worker-14: Building] WARN  o.e.m.c.i.embedder.EclipseLogger - Using platform encoding (Cp1252 actually) to copy filtered resources, i.e. build is platform dependent!
2022-05-11 18:19:55,563 [Worker-14: Building] INFO  o.e.m.c.i.embedder.EclipseLogger - skip non existing resourceDirectory C:\SLIIT\Y3S1\PAF\Assignement\FrontEnd\UserMangementFrontEnd\src\test\resources
2022-05-11 18:20:03,341 [Worker-15: Updating Maven Project] INFO  o.e.m.c.i.p.ProjectConfigurationManager - Update started
2022-05-11 18:20:04,937 [Worker-15: Updating Maven Project] INFO  o.e.m.c.i.l.LifecycleMappingFactory - Using org.maven.ide.eclipse.wtp.WarLifecycleMapping lifecycle mapping for MavenProject: com:UserManagementFrontEnd:0.0.1-SNAPSHOT @ C:\SLIIT\Y3S1\PAF\Assignement\FrontEnd\UserMangementFrontEnd\pom.xml.
2022-05-11 18:20:08,252 [Worker-15: Updating Maven Project] INFO  o.e.m.j.i.AbstractJavaProjectConfigurator - Adding source folder /UserMangementFrontEnd/src
2022-05-11 18:20:08,257 [Worker-15: Updating Maven Project] INFO  o.e.m.j.i.AbstractJavaProjectConfigurator - Adding source folder /UserMangementFrontEnd/src/test/java
2022-05-11 18:20:08,265 [Worker-15: Updating Maven Project] INFO  o.e.m.c.i.p.ProjectConfigurationManager - Update completed: 4 sec
2022-05-11 18:20:10,111 [Worker-15: Building] WARN  o.e.m.c.i.embedder.EclipseLogger - Using platform encoding (Cp1252 actually) to copy filtered resources, i.e. build is platform dependent!
2022-05-11 18:20:10,119 [Worker-15: Building] INFO  o.e.m.c.i.embedder.EclipseLogger - skip non existing resourceDirectory C:\SLIIT\Y3S1\PAF\Assignement\FrontEnd\UserMangementFrontEnd\src\main\resources
2022-05-11 18:20:10,129 [Worker-15: Building] WARN  o.e.m.c.i.embedder.EclipseLogger - Using platform encoding (Cp1252 actually) to copy filtered resources, i.e. build is platform dependent!
2022-05-11 18:20:10,146 [Worker-15: Building] INFO  o.e.m.c.i.embedder.EclipseLogger - skip non existing resourceDirectory C:\SLIIT\Y3S1\PAF\Assignement\FrontEnd\UserMangementFrontEnd\src\test\resources
2022-05-11 18:20:10,147 [Worker-15: Building] INFO  o.e.m.w.i.f.ResourceFilteringBuildParticipant - Changed resources require a complete clean of filtered resources of UserMangementFrontEnd
2022-05-11 18:20:10,148 [Worker-15: Building] INFO  o.e.m.w.i.f.ResourceFilteringBuildParticipant - Executing resource filtering for UserMangementFrontEnd
2022-05-11 18:20:10,158 [Worker-15: Building] WARN  o.e.m.c.i.embedder.EclipseLogger - Using platform encoding (Cp1252 actually) to copy filtered resources, i.e. build is platform dependent!
2022-05-11 18:21:35,536 [Worker-13: Building] WARN  o.e.m.c.i.embedder.EclipseLogger - Using platform encoding (Cp1252 actually) to copy filtered resources, i.e. build is platform dependent!
2022-05-11 18:21:35,539 [Worker-13: Building] INFO  o.e.m.c.i.embedder.EclipseLogger - skip non existing resourceDirectory C:\SLIIT\Y3S1\PAF\Assignement\FrontEnd\UserMangementFrontEnd\src\main\resources
2022-05-11 18:21:35,542 [Worker-13: Building] WARN  o.e.m.c.i.embedder.EclipseLogger - Using platform encoding (Cp1252 actually) to copy filtered resources, i.e. build is platform dependent!
2022-05-11 18:21:35,546 [Worker-13: Building] INFO  o.e.m.c.i.embedder.EclipseLogger - skip non existing resourceDirectory C:\SLIIT\Y3S1\PAF\Assignement\FrontEnd\UserMangementFrontEnd\src\test\resources
2022-05-11 18:37:16,694 [Worker-22: Building] WARN  o.e.m.c.i.embedder.EclipseLogger - Using platform encoding (Cp1252 actually) to copy filtered resources, i.e. build is platform dependent!
2022-05-11 18:37:16,719 [Worker-22: Building] INFO  o.e.m.c.i.embedder.EclipseLogger - skip non existing resourceDirectory C:\SLIIT\Y3S1\PAF\Assignement\FrontEnd\UserMangementFrontEnd\src\main\resources
2022-05-11 18:37:16,760 [Worker-22: Building] WARN  o.e.m.c.i.embedder.EclipseLogger - Using platform encoding (Cp1252 actually) to copy filtered resources, i.e. build is platform dependent!
2022-05-11 18:37:16,768 [Worker-22: Building] INFO  o.e.m.c.i.embedder.EclipseLogger - skip non existing resourceDirectory C:\SLIIT\Y3S1\PAF\Assignement\FrontEnd\UserMangementFrontEnd\src\test\resources
2022-05-11 18:42:35,574 [Worker-25: Building] WARN  o.e.m.c.i.embedder.EclipseLogger - Using platform encoding (Cp1252 actually) to copy filtered resources, i.e. build is platform dependent!
2022-05-11 18:42:35,580 [Worker-25: Building] INFO  o.e.m.c.i.embedder.EclipseLogger - skip non existing resourceDirectory C:\SLIIT\Y3S1\PAF\Assignement\FrontEnd\UserMangementFrontEnd\src\main\resources
2022-05-11 18:42:35,589 [Worker-25: Building] WARN  o.e.m.c.i.embedder.EclipseLogger - Using platform encoding (Cp1252 actually) to copy filtered resources, i.e. build is platform dependent!
2022-05-11 18:42:35,592 [Worker-25: Building] INFO  o.e.m.c.i.embedder.EclipseLogger - skip non existing resourceDirectory C:\SLIIT\Y3S1\PAF\Assignement\FrontEnd\UserMangementFrontEnd\src\test\resources
2022-05-11 18:43:02,071 [Worker-26: Building] WARN  o.e.m.c.i.embedder.EclipseLogger - Using platform encoding (Cp1252 actually) to copy filtered resources, i.e. build is platform dependent!
2022-05-11 18:43:02,076 [Worker-26: Building] INFO  o.e.m.c.i.embedder.EclipseLogger - skip non existing resourceDirectory C:\SLIIT\Y3S1\PAF\Assignement\FrontEnd\UserMangementFrontEnd\src\main\resources
2022-05-11 18:43:02,100 [Worker-26: Building] WARN  o.e.m.c.i.embedder.EclipseLogger - Using platform encoding (Cp1252 actually) to copy filtered resources, i.e. build is platform dependent!
2022-05-11 18:43:02,103 [Worker-26: Building] INFO  o.e.m.c.i.embedder.EclipseLogger - skip non existing resourceDirectory C:\SLIIT\Y3S1\PAF\Assignement\FrontEnd\UserMangementFrontEnd\src\test\resources
2022-05-11 18:43:29,419 [Worker-26: Building] WARN  o.e.m.c.i.embedder.EclipseLogger - Using platform encoding (Cp1252 actually) to copy filtered resources, i.e. build is platform dependent!
2022-05-11 18:43:29,422 [Worker-26: Building] INFO  o.e.m.c.i.embedder.EclipseLogger - skip non existing resourceDirectory C:\SLIIT\Y3S1\PAF\Assignement\FrontEnd\UserMangementFrontEnd\src\main\resources
2022-05-11 18:43:29,428 [Worker-26: Building] WARN  o.e.m.c.i.embedder.EclipseLogger - Using platform encoding (Cp1252 actually) to copy filtered resources, i.e. build is platform dependent!
2022-05-11 18:43:29,430 [Worker-26: Building] INFO  o.e.m.c.i.embedder.EclipseLogger - skip non existing resourceDirectory C:\SLIIT\Y3S1\PAF\Assignement\FrontEnd\UserMangementFrontEnd\src\test\resources
2022-05-11 18:43:50,968 [Worker-28: Building] WARN  o.e.m.c.i.embedder.EclipseLogger - Using platform encoding (Cp1252 actually) to copy filtered resources, i.e. build is platform dependent!
2022-05-11 18:43:50,972 [Worker-28: Building] INFO  o.e.m.c.i.embedder.EclipseLogger - skip non existing resourceDirectory C:\SLIIT\Y3S1\PAF\Assignement\FrontEnd\UserMangementFrontEnd\src\main\resources
2022-05-11 18:43:50,978 [Worker-28: Building] WARN  o.e.m.c.i.embedder.EclipseLogger - Using platform encoding (Cp1252 actually) to copy filtered resources, i.e. build is platform dependent!
2022-05-11 18:43:50,980 [Worker-28: Building] INFO  o.e.m.c.i.embedder.EclipseLogger - skip non existing resourceDirectory C:\SLIIT\Y3S1\PAF\Assignement\FrontEnd\UserMangementFrontEnd\src\test\resources
2022-05-11 18:43:55,869 [Worker-27: Building] WARN  o.e.m.c.i.embedder.EclipseLogger - Using platform encoding (Cp1252 actually) to copy filtered resources, i.e. build is platform dependent!
2022-05-11 18:43:55,875 [Worker-27: Building] INFO  o.e.m.c.i.embedder.EclipseLogger - skip non existing resourceDirectory C:\SLIIT\Y3S1\PAF\Assignement\FrontEnd\UserMangementFrontEnd\src\main\resources
2022-05-11 18:43:55,878 [Worker-27: Building] WARN  o.e.m.c.i.embedder.EclipseLogger - Using platform encoding (Cp1252 actually) to copy filtered resources, i.e. build is platform dependent!
2022-05-11 18:43:55,880 [Worker-27: Building] INFO  o.e.m.c.i.embedder.EclipseLogger - skip non existing resourceDirectory C:\SLIIT\Y3S1\PAF\Assignement\FrontEnd\UserMangementFrontEnd\src\test\resources
2022-05-11 18:47:03,120 [Worker-14: Building] WARN  o.e.m.c.i.embedder.EclipseLogger - Using platform encoding (Cp1252 actually) to copy filtered resources, i.e. build is platform dependent!
2022-05-11 18:47:03,128 [Worker-14: Building] INFO  o.e.m.c.i.embedder.EclipseLogger - skip non existing resourceDirectory C:\SLIIT\Y3S1\PAF\Assignement\FrontEnd\UserMangementFrontEnd\src\main\resources
2022-05-11 18:47:03,140 [Worker-14: Building] WARN  o.e.m.c.i.embedder.EclipseLogger - Using platform encoding (Cp1252 actually) to copy filtered resources, i.e. build is platform dependent!
2022-05-11 18:47:03,143 [Worker-14: Building] INFO  o.e.m.c.i.embedder.EclipseLogger - skip non existing resourceDirectory C:\SLIIT\Y3S1\PAF\Assignement\FrontEnd\UserMangementFrontEnd\src\test\resources
2022-05-11 18:56:02,222 [Worker-32: Building] WARN  o.e.m.c.i.embedder.EclipseLogger - Using platform encoding (Cp1252 actually) to copy filtered resources, i.e. build is platform dependent!
2022-05-11 18:56:02,229 [Worker-32: Building] INFO  o.e.m.c.i.embedder.EclipseLogger - skip non existing resourceDirectory C:\SLIIT\Y3S1\PAF\Assignement\FrontEnd\UserMangementFrontEnd\src\main\resources
2022-05-11 18:56:02,232 [Worker-32: Building] WARN  o.e.m.c.i.embedder.EclipseLogger - Using platform encoding (Cp1252 actually) to copy filtered resources, i.e. build is platform dependent!
2022-05-11 18:56:02,235 [Worker-32: Building] INFO  o.e.m.c.i.embedder.EclipseLogger - skip non existing resourceDirectory C:\SLIIT\Y3S1\PAF\Assignement\FrontEnd\UserMangementFrontEnd\src\test\resources
2022-05-11 18:56:44,581 [Worker-27: Building] WARN  o.e.m.c.i.embedder.EclipseLogger - Using platform encoding (Cp1252 actually) to copy filtered resources, i.e. build is platform dependent!
2022-05-11 18:56:44,590 [Worker-27: Building] INFO  o.e.m.c.i.embedder.EclipseLogger - skip non existing resourceDirectory C:\SLIIT\Y3S1\PAF\Assignement\FrontEnd\UserMangementFrontEnd\src\main\resources
2022-05-11 18:56:44,638 [Worker-27: Building] WARN  o.e.m.c.i.embedder.EclipseLogger - Using platform encoding (Cp1252 actually) to copy filtered resources, i.e. build is platform dependent!
2022-05-11 18:56:44,644 [Worker-27: Building] INFO  o.e.m.c.i.embedder.EclipseLogger - skip non existing resourceDirectory C:\SLIIT\Y3S1\PAF\Assignement\FrontEnd\UserMangementFrontEnd\src\test\resources
2022-05-11 18:58:47,480 [Worker-30: Building] WARN  o.e.m.c.i.embedder.EclipseLogger - Using platform encoding (Cp1252 actually) to copy filtered resources, i.e. build is platform dependent!
2022-05-11 18:58:47,505 [Worker-30: Building] INFO  o.e.m.c.i.embedder.EclipseLogger - skip non existing resourceDirectory C:\SLIIT\Y3S1\PAF\Assignement\FrontEnd\UserMangementFrontEnd\src\main\resources
2022-05-11 18:58:47,510 [Worker-30: Building] WARN  o.e.m.c.i.embedder.EclipseLogger - Using platform encoding (Cp1252 actually) to copy filtered resources, i.e. build is platform dependent!
2022-05-11 18:58:47,513 [Worker-30: Building] INFO  o.e.m.c.i.embedder.EclipseLogger - skip non existing resourceDirectory C:\SLIIT\Y3S1\PAF\Assignement\FrontEnd\UserMangementFrontEnd\src\test\resources
2022-05-11 18:59:50,685 [Worker-30: Building] WARN  o.e.m.c.i.embedder.EclipseLogger - Using platform encoding (Cp1252 actually) to copy filtered resources, i.e. build is platform dependent!
2022-05-11 18:59:50,691 [Worker-30: Building] INFO  o.e.m.c.i.embedder.EclipseLogger - skip non existing resourceDirectory C:\SLIIT\Y3S1\PAF\Assignement\FrontEnd\UserMangementFrontEnd\src\main\resources
2022-05-11 18:59:50,698 [Worker-30: Building] WARN  o.e.m.c.i.embedder.EclipseLogger - Using platform encoding (Cp1252 actually) to copy filtered resources, i.e. build is platform dependent!
2022-05-11 18:59:50,700 [Worker-30: Building] INFO  o.e.m.c.i.embedder.EclipseLogger - skip non existing resourceDirectory C:\SLIIT\Y3S1\PAF\Assignement\FrontEnd\UserMangementFrontEnd\src\test\resources
2022-05-11 19:05:04,520 [Worker-32: Building] WARN  o.e.m.c.i.embedder.EclipseLogger - Using platform encoding (Cp1252 actually) to copy filtered resources, i.e. build is platform dependent!
2022-05-11 19:05:04,549 [Worker-32: Building] INFO  o.e.m.c.i.embedder.EclipseLogger - skip non existing resourceDirectory C:\SLIIT\Y3S1\PAF\Assignement\FrontEnd\UserMangementFrontEnd\src\main\resources
2022-05-11 19:05:04,557 [Worker-32: Building] WARN  o.e.m.c.i.embedder.EclipseLogger - Using platform encoding (Cp1252 actually) to copy filtered resources, i.e. build is platform dependent!
2022-05-11 19:05:04,561 [Worker-32: Building] INFO  o.e.m.c.i.embedder.EclipseLogger - skip non existing resourceDirectory C:\SLIIT\Y3S1\PAF\Assignement\FrontEnd\UserMangementFrontEnd\src\test\resources
